生成启动时间为 1/31/2015 1:00:54 PM。
     1>项目“D:\Data\Code\ImageProcess\ImageProcess_02\ImageProcess\ImageProcess\ImageProcess.vcxproj”在节点 2 上(build 个目标)。
     1>PrepareForBuild:
         正在创建目录“D:\Data\Code\ImageProcess\ImageProcess_02\ImageProcess\Debug\”。
       InitializeBuildStatus:
         正在创建“Debug\ImageProcess.unsuccessfulbuild”，因为已指定“AlwaysCreate”。
       ClCompile:
         d:\ProgramFiles86\Microsoft Visual Studio 10.0\VC\bin\CL.exe /c /ZI /nologo /W3 /WX- /Od /Oy- /D WIN32 /D _WINDOWS /D _DEBUG /D _MBCS /D _AFXDLL /Gm /EHsc /RTC1 /MDd /GS /fp:precise /Zc:wchar_t /Zc:forScope /Yc"StdAfx.h" /Fp"Debug\ImageProcess.pch" /Fo"Debug\\" /Fd"Debug\vc100.pdb" /Gd /TP /analyze- /errorReport:prompt stdafx.cpp
         stdafx.cpp
         d:\ProgramFiles86\Microsoft Visual Studio 10.0\VC\bin\CL.exe /c /ZI /nologo /W3 /WX- /Od /Oy- /D WIN32 /D _WINDOWS /D _DEBUG /D _MBCS /D _AFXDLL /Gm /EHsc /RTC1 /MDd /GS /fp:precise /Zc:wchar_t /Zc:forScope /Yu"StdAfx.h" /Fp"Debug\ImageProcess.pch" /Fo"Debug\\" /Fd"Debug\vc100.pdb" /Gd /TP /analyze- /errorReport:prompt ImageProcess.cpp ImageProcessDlg.cpp
         ImageProcessDlg.cpp
         ImageProcess.cpp
         正在生成代码...
       ResourceCompile:
         C:\Program Files (x86)\Microsoft SDKs\Windows\v7.0A\bin\rc.exe /D _DEBUG /D _AFXDLL /l"0x0409" /IDebug\ /nologo /fo"Debug\ImageProcess.res" ImageProcess.rc 
       ManifestResourceCompile:
         C:\Program Files (x86)\Microsoft SDKs\Windows\v7.0A\bin\rc.exe /nologo /fo"Debug\ImageProcess.exe.embed.manifest.res" Debug\ImageProcess_manifest.rc 
       Link:
         d:\ProgramFiles86\Microsoft Visual Studio 10.0\VC\bin\link.exe /ERRORREPORT:PROMPT /OUT:"D:\Data\Code\ImageProcess\ImageProcess_02\ImageProcess\Debug\ImageProcess.exe" /INCREMENTAL /NOLOGO /MANIFEST /ManifestFile:"Debug\ImageProcess.exe.intermediate.manifest" /MANIFESTUAC:"level='asInvoker' uiAccess='false'" /DEBUG /PDB:"D:\Data\Code\ImageProcess\ImageProcess_02\ImageProcess\Debug\ImageProcess.pdb" /SUBSYSTEM:WINDOWS /TLBID:1 /DYNAMICBASE /NXCOMPAT /IMPLIB:"D:\Data\Code\ImageProcess\ImageProcess_02\ImageProcess\Debug\ImageProcess.lib" /MACHINE:X86 Debug\ImageProcess.res
         Debug\ImageProcess.exe.embed.manifest.res
         Debug\ImageProcess.obj
         Debug\ImageProcessDlg.obj
         Debug\stdafx.obj
       Manifest:
         C:\Program Files (x86)\Microsoft SDKs\Windows\v7.0A\bin\mt.exe /nologo /verbose /out:"Debug\ImageProcess.exe.embed.manifest" /manifest Debug\ImageProcess.exe.intermediate.manifest "d:\ProgramFiles86\Microsoft Visual Studio 10.0\VC\Include\Manifest\dpiaware.manifest"
         C:\Program Files (x86)\Microsoft SDKs\Windows\v7.0A\bin\rc.exe /nologo /fo"Debug\ImageProcess.exe.embed.manifest.res" Debug\ImageProcess_manifest.rc 
       LinkEmbedManifest:
         d:\ProgramFiles86\Microsoft Visual Studio 10.0\VC\bin\link.exe /ERRORREPORT:PROMPT /OUT:"D:\Data\Code\ImageProcess\ImageProcess_02\ImageProcess\Debug\ImageProcess.exe" /INCREMENTAL /NOLOGO /MANIFEST /ManifestFile:"Debug\ImageProcess.exe.intermediate.manifest" /MANIFESTUAC:"level='asInvoker' uiAccess='false'" /DEBUG /PDB:"D:\Data\Code\ImageProcess\ImageProcess_02\ImageProcess\Debug\ImageProcess.pdb" /SUBSYSTEM:WINDOWS /TLBID:1 /DYNAMICBASE /NXCOMPAT /IMPLIB:"D:\Data\Code\ImageProcess\ImageProcess_02\ImageProcess\Debug\ImageProcess.lib" /MACHINE:X86 Debug\ImageProcess.res
         Debug\ImageProcess.exe.embed.manifest.res
         Debug\ImageProcess.obj
         Debug\ImageProcessDlg.obj
         Debug\stdafx.obj
         ImageProcess.vcxproj -> D:\Data\Code\ImageProcess\ImageProcess_02\ImageProcess\Debug\ImageProcess.exe
       FinalizeBuildStatus:
         正在删除文件“Debug\ImageProcess.unsuccessfulbuild”。
         正在对“Debug\ImageProcess.lastbuildstate”执行 Touch 任务。
     1>已完成生成项目“D:\Data\Code\ImageProcess\ImageProcess_02\ImageProcess\ImageProcess\ImageProcess.vcxproj”(build 个目标)的操作。

生成成功。

已用时间 00:00:05.28
